I, [2014-11-27T14:04:33.157497 #6416]  INFO -- default-centos66: -----> Creating <default-centos66>...
I, [2014-11-27T14:10:35.999072 #6416]  INFO -- default-centos66: Timed out while waiting for the machine to boot. This means that
I, [2014-11-27T14:10:35.999572 #6416]  INFO -- default-centos66: Vagrant was unable to communicate with the guest machine within
I, [2014-11-27T14:10:36.000072 #6416]  INFO -- default-centos66: the configured ("config.vm.boot_timeout" value) time period.
I, [2014-11-27T14:10:36.000072 #6416]  INFO -- default-centos66: 
I, [2014-11-27T14:10:36.000072 #6416]  INFO -- default-centos66: If you look above, you should be able to see the error(s) that
I, [2014-11-27T14:10:36.000572 #6416]  INFO -- default-centos66: Vagrant had when attempting to connect to the machine. These errors
I, [2014-11-27T14:10:36.000572 #6416]  INFO -- default-centos66: are usually good hints as to what may be wrong.
I, [2014-11-27T14:10:36.000572 #6416]  INFO -- default-centos66: 
I, [2014-11-27T14:10:36.001072 #6416]  INFO -- default-centos66: If you're using a custom box, make sure that networking is properly
I, [2014-11-27T14:10:36.001072 #6416]  INFO -- default-centos66: working and you're able to connect to the machine. It is a common
I, [2014-11-27T14:10:36.001072 #6416]  INFO -- default-centos66: problem that networking isn't setup properly in these boxes.
I, [2014-11-27T14:10:36.001572 #6416]  INFO -- default-centos66: Verify that authentication configurations are also setup properly,
I, [2014-11-27T14:10:36.001572 #6416]  INFO -- default-centos66: as well.
I, [2014-11-27T14:10:36.001572 #6416]  INFO -- default-centos66: 
I, [2014-11-27T14:10:36.001572 #6416]  INFO -- default-centos66: If the box appears to be booting properly, you may want to increase
I, [2014-11-27T14:10:36.002072 #6416]  INFO -- default-centos66: the timeout ("config.vm.boot_timeout") value.
E, [2014-11-27T14:10:36.100585 #6416] ERROR -- default-centos66: Create failed on instance <default-centos66>.
E, [2014-11-27T14:10:36.101085 #6416] ERROR -- default-centos66: ------Exception-------
E, [2014-11-27T14:10:36.101085 #6416] ERROR -- default-centos66: Class: Kitchen::ShellOut::ShellCommandFailed
E, [2014-11-27T14:10:36.101585 #6416] ERROR -- default-centos66: Message: Expected process to exit with [0], but received '1'
---- Begin output of vagrant up --no-provision --provider=virtualbox ----
STDOUT: Bringing machine 'default' up with 'virtualbox' provider...
==> default: Importing base box 'centos'...
[K==> default: Matching MAC address for NAT networking...
==> default: Setting the name of the VM: default-centos66_default_1417093520764_73239
==> default: Fixed port collision for 22 => 2222. Now on port 2200.
==> default: Clearing any previously set network interfaces...
==> default: Preparing network interfaces based on configuration...
    default: Adapter 1: nat
    default: Adapter 2: hostonly
==> default: Forwarding ports...
    default: 80 => 8880 (adapter 1)
    default: 443 => 8443 (adapter 1)
    default: 22 => 2200 (adapter 1)
==> default: Booting VM...
==> default: Waiting for machine to boot. This may take a few minutes...
    default: SSH address: 127.0.0.1:2200
    default: SSH username: vagrant
    default: SSH auth method: private key
    default: Warning: Connection timeout. Retrying...
    default: Warning: Connection timeout. Retrying...
    default: Warning: Connection timeout. Retrying...
    default: Warning: Connection timeout. Retrying...
    default: Warning: Connection timeout. Retrying...
    default: Warning: Connection timeout. Retrying...
    default: Warning: Connection timeout. Retrying...
    default: Warning: Connection timeout. Retrying...
    default: Warning: Connection timeout. Retrying...
    default: Warning: Connection timeout. Retrying...
    default: Warning: Connection timeout. Retrying...
    default: Warning: Connection timeout. Retrying...
    default: Warning: Connection timeout. Retrying...
    default: Warning: Connection timeout. Retrying...
    default: Warning: Connection timeout. Retrying...
    default: Warning: Connection timeout. Retrying...
    default: Warning: Connection timeout. Retrying...
    default: Warning: Connection timeout. Retrying...
    default: Warning: Connection timeout. Retrying...
STDERR: Timed out while waiting for the machine to boot. This means that
Vagrant was unable to communicate with the guest machine within
the configured ("config.vm.boot_timeout" value) time period.

If you look above, you should be able to see the error(s) that
Vagrant had when attempting to connect to the machine. These errors
are usually good hints as to what may be wrong.

If you're using a custom box, make sure that networking is properly
working and you're able to connect to the machine. It is a common
problem that networking isn't setup properly in these boxes.
Verify that authentication configurations are also setup properly,
as well.

If the box appears to be booting properly, you may want to increase
the timeout ("config.vm.boot_timeout") value.
---- End output of vagrant up --no-provision --provider=virtualbox ----
Ran vagrant up --no-provision --provider=virtualbox returned 1
E, [2014-11-27T14:10:36.101585 #6416] ERROR -- default-centos66: ---Nested Exception---
E, [2014-11-27T14:10:36.101585 #6416] ERROR -- default-centos66: Class: Mixlib::ShellOut::ShellCommandFailed
E, [2014-11-27T14:10:36.102085 #6416] ERROR -- default-centos66: Message: Expected process to exit with [0], but received '1'
---- Begin output of vagrant up --no-provision --provider=virtualbox ----
STDOUT: Bringing machine 'default' up with 'virtualbox' provider...
==> default: Importing base box 'centos'...
[K==> default: Matching MAC address for NAT networking...
==> default: Setting the name of the VM: default-centos66_default_1417093520764_73239
==> default: Fixed port collision for 22 => 2222. Now on port 2200.
==> default: Clearing any previously set network interfaces...
==> default: Preparing network interfaces based on configuration...
    default: Adapter 1: nat
    default: Adapter 2: hostonly
==> default: Forwarding ports...
    default: 80 => 8880 (adapter 1)
    default: 443 => 8443 (adapter 1)
    default: 22 => 2200 (adapter 1)
==> default: Booting VM...
==> default: Waiting for machine to boot. This may take a few minutes...
    default: SSH address: 127.0.0.1:2200
    default: SSH username: vagrant
    default: SSH auth method: private key
    default: Warning: Connection timeout. Retrying...
    default: Warning: Connection timeout. Retrying...
    default: Warning: Connection timeout. Retrying...
    default: Warning: Connection timeout. Retrying...
    default: Warning: Connection timeout. Retrying...
    default: Warning: Connection timeout. Retrying...
    default: Warning: Connection timeout. Retrying...
    default: Warning: Connection timeout. Retrying...
    default: Warning: Connection timeout. Retrying...
    default: Warning: Connection timeout. Retrying...
    default: Warning: Connection timeout. Retrying...
    default: Warning: Connection timeout. Retrying...
    default: Warning: Connection timeout. Retrying...
    default: Warning: Connection timeout. Retrying...
    default: Warning: Connection timeout. Retrying...
    default: Warning: Connection timeout. Retrying...
    default: Warning: Connection timeout. Retrying...
    default: Warning: Connection timeout. Retrying...
    default: Warning: Connection timeout. Retrying...
STDERR: Timed out while waiting for the machine to boot. This means that
Vagrant was unable to communicate with the guest machine within
the configured ("config.vm.boot_timeout" value) time period.

If you look above, you should be able to see the error(s) that
Vagrant had when attempting to connect to the machine. These errors
are usually good hints as to what may be wrong.

If you're using a custom box, make sure that networking is properly
working and you're able to connect to the machine. It is a common
problem that networking isn't setup properly in these boxes.
Verify that authentication configurations are also setup properly,
as well.

If the box appears to be booting properly, you may want to increase
the timeout ("config.vm.boot_timeout") value.
---- End output of vagrant up --no-provision --provider=virtualbox ----
Ran vagrant up --no-provision --provider=virtualbox returned 1
E, [2014-11-27T14:10:36.102085 #6416] ERROR -- default-centos66: ------Backtrace-------
E, [2014-11-27T14:10:36.102085 #6416] ERROR -- default-centos66: C:/opscode/chefdk/embedded/apps/test-kitchen/lib/kitchen/shell_out.rb:70:in `rescue in run_command'
E, [2014-11-27T14:10:36.102085 #6416] ERROR -- default-centos66: C:/opscode/chefdk/embedded/apps/test-kitchen/lib/kitchen/shell_out.rb:59:in `run_command'
E, [2014-11-27T14:10:36.102585 #6416] ERROR -- default-centos66: C:/opscode/chefdk/embedded/apps/test-kitchen/lib/kitchen/driver/base.rb:158:in `run_command'
E, [2014-11-27T14:10:36.102585 #6416] ERROR -- default-centos66: C:/opscode/chefdk/embedded/lib/ruby/gems/2.0.0/gems/kitchen-vagrant-0.15.0/lib/kitchen/driver/vagrant.rb:123:in `run'
E, [2014-11-27T14:10:36.102585 #6416] ERROR -- default-centos66: C:/opscode/chefdk/embedded/lib/ruby/gems/2.0.0/gems/kitchen-vagrant-0.15.0/lib/kitchen/driver/vagrant.rb:68:in `create'
E, [2014-11-27T14:10:36.102585 #6416] ERROR -- default-centos66: C:/opscode/chefdk/embedded/apps/test-kitchen/lib/kitchen/instance.rb:273:in `public_send'
E, [2014-11-27T14:10:36.103085 #6416] ERROR -- default-centos66: C:/opscode/chefdk/embedded/apps/test-kitchen/lib/kitchen/instance.rb:273:in `block in perform_action'
E, [2014-11-27T14:10:36.103085 #6416] ERROR -- default-centos66: C:/opscode/chefdk/embedded/apps/test-kitchen/lib/kitchen/instance.rb:305:in `call'
E, [2014-11-27T14:10:36.103085 #6416] ERROR -- default-centos66: C:/opscode/chefdk/embedded/apps/test-kitchen/lib/kitchen/instance.rb:305:in `block in synchronize_or_call'
E, [2014-11-27T14:10:36.103585 #6416] ERROR -- default-centos66: C:/opscode/chefdk/embedded/apps/test-kitchen/lib/kitchen/instance.rb:303:in `synchronize'
E, [2014-11-27T14:10:36.103585 #6416] ERROR -- default-centos66: C:/opscode/chefdk/embedded/apps/test-kitchen/lib/kitchen/instance.rb:303:in `synchronize_or_call'
E, [2014-11-27T14:10:36.103585 #6416] ERROR -- default-centos66: C:/opscode/chefdk/embedded/apps/test-kitchen/lib/kitchen/instance.rb:283:in `block in action'
E, [2014-11-27T14:10:36.103585 #6416] ERROR -- default-centos66: C:/opscode/chefdk/embedded/lib/ruby/2.0.0/benchmark.rb:281:in `measure'
E, [2014-11-27T14:10:36.103585 #6416] ERROR -- default-centos66: C:/opscode/chefdk/embedded/apps/test-kitchen/lib/kitchen/instance.rb:282:in `action'
E, [2014-11-27T14:10:36.103585 #6416] ERROR -- default-centos66: C:/opscode/chefdk/embedded/apps/test-kitchen/lib/kitchen/instance.rb:273:in `perform_action'
E, [2014-11-27T14:10:36.103585 #6416] ERROR -- default-centos66: C:/opscode/chefdk/embedded/apps/test-kitchen/lib/kitchen/instance.rb:252:in `create_action'
E, [2014-11-27T14:10:36.103585 #6416] ERROR -- default-centos66: C:/opscode/chefdk/embedded/apps/test-kitchen/lib/kitchen/instance.rb:246:in `block in transition_to'
E, [2014-11-27T14:10:36.103585 #6416] ERROR -- default-centos66: C:/opscode/chefdk/embedded/apps/test-kitchen/lib/kitchen/instance.rb:245:in `each'
E, [2014-11-27T14:10:36.103585 #6416] ERROR -- default-centos66: C:/opscode/chefdk/embedded/apps/test-kitchen/lib/kitchen/instance.rb:245:in `transition_to'
E, [2014-11-27T14:10:36.104085 #6416] ERROR -- default-centos66: C:/opscode/chefdk/embedded/apps/test-kitchen/lib/kitchen/instance.rb:108:in `create'
E, [2014-11-27T14:10:36.104085 #6416] ERROR -- default-centos66: C:/opscode/chefdk/embedded/apps/test-kitchen/lib/kitchen/command.rb:109:in `public_send'
E, [2014-11-27T14:10:36.104085 #6416] ERROR -- default-centos66: C:/opscode/chefdk/embedded/apps/test-kitchen/lib/kitchen/command.rb:109:in `block (2 levels) in run_action'
E, [2014-11-27T14:10:36.104085 #6416] ERROR -- default-centos66: ----------------------
I, [2014-11-27T14:14:44.614642 #9200]  INFO -- default-centos66: -----> Destroying <default-centos66>...
I, [2014-11-27T14:14:44.629644 #9200]  INFO -- default-centos66: Finished destroying <default-centos66> (0m0.00s).
I, [2014-11-27T14:15:24.349688 #5048]  INFO -- default-centos66: -----> Creating <default-centos66>...
I, [2014-11-27T14:21:16.234872 #5048]  INFO -- default-centos66: Timed out while waiting for the machine to boot. This means that
I, [2014-11-27T14:21:16.234872 #5048]  INFO -- default-centos66: Vagrant was unable to communicate with the guest machine within
I, [2014-11-27T14:21:16.235372 #5048]  INFO -- default-centos66: the configured ("config.vm.boot_timeout" value) time period.
I, [2014-11-27T14:21:16.235372 #5048]  INFO -- default-centos66: 
I, [2014-11-27T14:21:16.235372 #5048]  INFO -- default-centos66: If you look above, you should be able to see the error(s) that
I, [2014-11-27T14:21:16.235372 #5048]  INFO -- default-centos66: Vagrant had when attempting to connect to the machine. These errors
I, [2014-11-27T14:21:16.235372 #5048]  INFO -- default-centos66: are usually good hints as to what may be wrong.
I, [2014-11-27T14:21:16.235872 #5048]  INFO -- default-centos66: 
I, [2014-11-27T14:21:16.235872 #5048]  INFO -- default-centos66: If you're using a custom box, make sure that networking is properly
I, [2014-11-27T14:21:16.235872 #5048]  INFO -- default-centos66: working and you're able to connect to the machine. It is a common
I, [2014-11-27T14:21:16.235872 #5048]  INFO -- default-centos66: problem that networking isn't setup properly in these boxes.
I, [2014-11-27T14:21:16.235872 #5048]  INFO -- default-centos66: Verify that authentication configurations are also setup properly,
I, [2014-11-27T14:21:16.235872 #5048]  INFO -- default-centos66: as well.
I, [2014-11-27T14:21:16.236372 #5048]  INFO -- default-centos66: 
I, [2014-11-27T14:21:16.236372 #5048]  INFO -- default-centos66: If the box appears to be booting properly, you may want to increase
I, [2014-11-27T14:21:16.236372 #5048]  INFO -- default-centos66: the timeout ("config.vm.boot_timeout") value.
E, [2014-11-27T14:21:16.339885 #5048] ERROR -- default-centos66: Create failed on instance <default-centos66>.
E, [2014-11-27T14:21:16.339885 #5048] ERROR -- default-centos66: ------Exception-------
E, [2014-11-27T14:21:16.340385 #5048] ERROR -- default-centos66: Class: Kitchen::ShellOut::ShellCommandFailed
E, [2014-11-27T14:21:16.340385 #5048] ERROR -- default-centos66: Message: Expected process to exit with [0], but received '1'
---- Begin output of vagrant up --no-provision --provider=virtualbox ----
STDOUT: Bringing machine 'default' up with 'virtualbox' provider...
==> default: Importing base box 'centos'...
[K==> default: Matching MAC address for NAT networking...
==> default: Setting the name of the VM: default-centos66_default_1417094149386_52204
==> default: Clearing any previously set network interfaces...
==> default: Preparing network interfaces based on configuration...
    default: Adapter 1: nat
    default: Adapter 2: hostonly
==> default: Forwarding ports...
    default: 80 => 8880 (adapter 1)
    default: 443 => 8443 (adapter 1)
    default: 22 => 2222 (adapter 1)
==> default: Booting VM...
==> default: Waiting for machine to boot. This may take a few minutes...
    default: SSH address: 127.0.0.1:2222
    default: SSH username: vagrant
    default: SSH auth method: private key
    default: Warning: Connection timeout. Retrying...
    default: Warning: Connection timeout. Retrying...
    default: Warning: Connection timeout. Retrying...
    default: Warning: Connection timeout. Retrying...
    default: Warning: Connection timeout. Retrying...
    default: Warning: Connection timeout. Retrying...
    default: Warning: Connection timeout. Retrying...
    default: Warning: Connection timeout. Retrying...
    default: Warning: Connection timeout. Retrying...
    default: Warning: Connection timeout. Retrying...
    default: Warning: Connection timeout. Retrying...
    default: Warning: Connection timeout. Retrying...
    default: Warning: Connection timeout. Retrying...
    default: Warning: Connection timeout. Retrying...
    default: Warning: Connection timeout. Retrying...
    default: Warning: Connection timeout. Retrying...
    default: Warning: Connection timeout. Retrying...
    default: Warning: Connection timeout. Retrying...
    default: Warning: Connection timeout. Retrying...
STDERR: Timed out while waiting for the machine to boot. This means that
Vagrant was unable to communicate with the guest machine within
the configured ("config.vm.boot_timeout" value) time period.

If you look above, you should be able to see the error(s) that
Vagrant had when attempting to connect to the machine. These errors
are usually good hints as to what may be wrong.

If you're using a custom box, make sure that networking is properly
working and you're able to connect to the machine. It is a common
problem that networking isn't setup properly in these boxes.
Verify that authentication configurations are also setup properly,
as well.

If the box appears to be booting properly, you may want to increase
the timeout ("config.vm.boot_timeout") value.
---- End output of vagrant up --no-provision --provider=virtualbox ----
Ran vagrant up --no-provision --provider=virtualbox returned 1
E, [2014-11-27T14:21:16.340885 #5048] ERROR -- default-centos66: ---Nested Exception---
E, [2014-11-27T14:21:16.340885 #5048] ERROR -- default-centos66: Class: Mixlib::ShellOut::ShellCommandFailed
E, [2014-11-27T14:21:16.341385 #5048] ERROR -- default-centos66: Message: Expected process to exit with [0], but received '1'
---- Begin output of vagrant up --no-provision --provider=virtualbox ----
STDOUT: Bringing machine 'default' up with 'virtualbox' provider...
==> default: Importing base box 'centos'...
[K==> default: Matching MAC address for NAT networking...
==> default: Setting the name of the VM: default-centos66_default_1417094149386_52204
==> default: Clearing any previously set network interfaces...
==> default: Preparing network interfaces based on configuration...
    default: Adapter 1: nat
    default: Adapter 2: hostonly
==> default: Forwarding ports...
    default: 80 => 8880 (adapter 1)
    default: 443 => 8443 (adapter 1)
    default: 22 => 2222 (adapter 1)
==> default: Booting VM...
==> default: Waiting for machine to boot. This may take a few minutes...
    default: SSH address: 127.0.0.1:2222
    default: SSH username: vagrant
    default: SSH auth method: private key
    default: Warning: Connection timeout. Retrying...
    default: Warning: Connection timeout. Retrying...
    default: Warning: Connection timeout. Retrying...
    default: Warning: Connection timeout. Retrying...
    default: Warning: Connection timeout. Retrying...
    default: Warning: Connection timeout. Retrying...
    default: Warning: Connection timeout. Retrying...
    default: Warning: Connection timeout. Retrying...
    default: Warning: Connection timeout. Retrying...
    default: Warning: Connection timeout. Retrying...
    default: Warning: Connection timeout. Retrying...
    default: Warning: Connection timeout. Retrying...
    default: Warning: Connection timeout. Retrying...
    default: Warning: Connection timeout. Retrying...
    default: Warning: Connection timeout. Retrying...
    default: Warning: Connection timeout. Retrying...
    default: Warning: Connection timeout. Retrying...
    default: Warning: Connection timeout. Retrying...
    default: Warning: Connection timeout. Retrying...
STDERR: Timed out while waiting for the machine to boot. This means that
Vagrant was unable to communicate with the guest machine within
the configured ("config.vm.boot_timeout" value) time period.

If you look above, you should be able to see the error(s) that
Vagrant had when attempting to connect to the machine. These errors
are usually good hints as to what may be wrong.

If you're using a custom box, make sure that networking is properly
working and you're able to connect to the machine. It is a common
problem that networking isn't setup properly in these boxes.
Verify that authentication configurations are also setup properly,
as well.

If the box appears to be booting properly, you may want to increase
the timeout ("config.vm.boot_timeout") value.
---- End output of vagrant up --no-provision --provider=virtualbox ----
Ran vagrant up --no-provision --provider=virtualbox returned 1
E, [2014-11-27T14:21:16.341385 #5048] ERROR -- default-centos66: ------Backtrace-------
E, [2014-11-27T14:21:16.341885 #5048] ERROR -- default-centos66: C:/opscode/chefdk/embedded/apps/test-kitchen/lib/kitchen/shell_out.rb:70:in `rescue in run_command'
E, [2014-11-27T14:21:16.341885 #5048] ERROR -- default-centos66: C:/opscode/chefdk/embedded/apps/test-kitchen/lib/kitchen/shell_out.rb:59:in `run_command'
E, [2014-11-27T14:21:16.342385 #5048] ERROR -- default-centos66: C:/opscode/chefdk/embedded/apps/test-kitchen/lib/kitchen/driver/base.rb:158:in `run_command'
E, [2014-11-27T14:21:16.342385 #5048] ERROR -- default-centos66: C:/opscode/chefdk/embedded/lib/ruby/gems/2.0.0/gems/kitchen-vagrant-0.15.0/lib/kitchen/driver/vagrant.rb:123:in `run'
E, [2014-11-27T14:21:16.342885 #5048] ERROR -- default-centos66: C:/opscode/chefdk/embedded/lib/ruby/gems/2.0.0/gems/kitchen-vagrant-0.15.0/lib/kitchen/driver/vagrant.rb:68:in `create'
E, [2014-11-27T14:21:16.342885 #5048] ERROR -- default-centos66: C:/opscode/chefdk/embedded/apps/test-kitchen/lib/kitchen/instance.rb:273:in `public_send'
E, [2014-11-27T14:21:16.342885 #5048] ERROR -- default-centos66: C:/opscode/chefdk/embedded/apps/test-kitchen/lib/kitchen/instance.rb:273:in `block in perform_action'
E, [2014-11-27T14:21:16.343385 #5048] ERROR -- default-centos66: C:/opscode/chefdk/embedded/apps/test-kitchen/lib/kitchen/instance.rb:305:in `call'
E, [2014-11-27T14:21:16.343385 #5048] ERROR -- default-centos66: C:/opscode/chefdk/embedded/apps/test-kitchen/lib/kitchen/instance.rb:305:in `block in synchronize_or_call'
E, [2014-11-27T14:21:16.343385 #5048] ERROR -- default-centos66: C:/opscode/chefdk/embedded/apps/test-kitchen/lib/kitchen/instance.rb:303:in `synchronize'
E, [2014-11-27T14:21:16.343886 #5048] ERROR -- default-centos66: C:/opscode/chefdk/embedded/apps/test-kitchen/lib/kitchen/instance.rb:303:in `synchronize_or_call'
E, [2014-11-27T14:21:16.343886 #5048] ERROR -- default-centos66: C:/opscode/chefdk/embedded/apps/test-kitchen/lib/kitchen/instance.rb:283:in `block in action'
E, [2014-11-27T14:21:16.343886 #5048] ERROR -- default-centos66: C:/opscode/chefdk/embedded/lib/ruby/2.0.0/benchmark.rb:281:in `measure'
E, [2014-11-27T14:21:16.344386 #5048] ERROR -- default-centos66: C:/opscode/chefdk/embedded/apps/test-kitchen/lib/kitchen/instance.rb:282:in `action'
E, [2014-11-27T14:21:16.344386 #5048] ERROR -- default-centos66: C:/opscode/chefdk/embedded/apps/test-kitchen/lib/kitchen/instance.rb:273:in `perform_action'
E, [2014-11-27T14:21:16.344386 #5048] ERROR -- default-centos66: C:/opscode/chefdk/embedded/apps/test-kitchen/lib/kitchen/instance.rb:252:in `create_action'
E, [2014-11-27T14:21:16.344886 #5048] ERROR -- default-centos66: C:/opscode/chefdk/embedded/apps/test-kitchen/lib/kitchen/instance.rb:246:in `block in transition_to'
E, [2014-11-27T14:21:16.344886 #5048] ERROR -- default-centos66: C:/opscode/chefdk/embedded/apps/test-kitchen/lib/kitchen/instance.rb:245:in `each'
E, [2014-11-27T14:21:16.344886 #5048] ERROR -- default-centos66: C:/opscode/chefdk/embedded/apps/test-kitchen/lib/kitchen/instance.rb:245:in `transition_to'
E, [2014-11-27T14:21:16.344886 #5048] ERROR -- default-centos66: C:/opscode/chefdk/embedded/apps/test-kitchen/lib/kitchen/instance.rb:108:in `create'
E, [2014-11-27T14:21:16.344886 #5048] ERROR -- default-centos66: C:/opscode/chefdk/embedded/apps/test-kitchen/lib/kitchen/command.rb:109:in `public_send'
E, [2014-11-27T14:21:16.345386 #5048] ERROR -- default-centos66: C:/opscode/chefdk/embedded/apps/test-kitchen/lib/kitchen/command.rb:109:in `block (2 levels) in run_action'
E, [2014-11-27T14:21:16.345386 #5048] ERROR -- default-centos66: ----------------------
